lru_profile 1024 23
I biblio
I dreams
I clark
I consider
I customized
I common
I conventional
I denninger
I aromatic
I acknowledged
I desiderata
I books
I dilatation
I conflicting
I demonstrated
I entry
I actual
I country
I dip
I developer
I electronics
I dan
I door
I compensation
I deficiencies
I equipment
I configurable
I dimethyl
I datahand
I doctrinaire
I enhance
I controlling
I doubling
I confusion
I cross
I consumption
I and
I close
I devices
I consume
I britain
I detail
I berkeley
I cocaine
I directed
I critical
I containing
I cold
H compensation
H developer
I crash
I cell
I classes
I chest
I benefits
I contains
I endure
I editorial
I compiler
I control
I correspondingly
I complicated
I during
I dirt
I baseline
I colloquiums
I caution
I copies
I encouraged
I accpak
I course
I becomes
I degeneratig
I dangerous
I bhjelle
I aggravated
I asians
I debris
I concepts
I differential
I document
I double
I blazie
I ditto
I dunking
I desire
I depressants
I curious
H door
I dick
I estimated
I business
I column
I corporation
I debbie
I discovering
I dfrf
I discomfort
I dramatically
I doc
I cheating
I difference
I bay
I b
I count
I approved
I data
I definiens
I donate
I cultures
I deserving
I connecting
I daughter
I ardent
I easily
I competing
I considering
I competitive
I can
I coninued
I evening
I edu
I describing
I artificial
I courter
I discoveries
I confirmation
I associates
I dismal
I couldn
I drink
I cool
I cmptrc
H corporation
I definitely
I contrary
I burning
I ending
I discussion
I contacting
H detail
I denial
I covering
I comfortable
I eng
I district
I consideration
I decision
I button
I brands
I disruptive
I college
I dmp
I dependant
I cryptosporidium
I cortisone
I controversial
I disabling
I dubin
I educational
I coming
I continuous
H dismal
H differential
I evaluation
I disclaimers
I damage
I doctor
I disprove
I currently
I eugenics
I elbow
H desire
I doctors
I cities
I cfdd
I distinguished
I dramatic
I do
I became
I eb
I darby
I demo
I detect
I especially
I example
I counselling
H cross
I determine
I emphysema
I contain
I direct
I balanced
I arrogance
I creek
I easier
I emgs
I designed
H discomfort
I el
I cunixa
I diagnosis
I conducted
I difficulty
H copies
I asian
I believe
I electric
I diahrea
I counselor
I eulenbrg
I component
I crs
I doubt
I concede
I euclid
I ar
H dirt
I computer
I cook
I edwin
I contacts
I compiled
I engineers
I desirable
I curiousities
H contacts
H diahrea
I emergency
I doesn
I drs
I essential
I dsz
I donovan
I complaints
I creationists
I configure
I chords
I dismutase
I donald
I electrophoresis
I dealing
I dia
I envelope
I covington
H creationists
I counterparts
H donald
I contemplating
I equal
I defects
H coming
I collection
H desirable
I events
I concerning
I desc
I drop
I dc
H denial
H easier
H conducted
I base
I claire
I estrogen
H cross
I cooper
I credit
I confess
I dryden
I compatible
H eb
I discussing
I education
I css
H cortisone
I dwebb
I evoked
H designed
I current
I dispute
I ccreegan
I duties
H cunixa
I anthropology
H debbie
I demand
I dry
I chemically
I cows
I code
I dragonwriter
H complaints
H decision
I duke
I classification
I dieting
I dictionary
I div
I community
I dangling
I cream
I delayed
H dependant
I duca
I every
I everyday
I eulenberg
I einstein
H donovan
I claim
H eugenics
I dot
I cases
I cardiac
H ending
H disclaimers
I accucorp
I considine
I cradle
I confound
I diuretic
I dyer
I curative
I essentially
H deserving
I central
I butylated
I applying
I discuss
H defects
H donate
I courses
I colors
I admit
H dyer
I effective
I continuously
I diagnose
I ad
H drink
H effective
I efw
I dynamic
I divert
I eric
I concoctions
I dilation
I end
I contracted
I exceed
I degeneration
I cruzio
I electromagnetic
I decreased
I cornell
I clamps
I allocates
H curative
I clearly
H contrary
H duke
I applelink
H college
H eulenberg
I doyle
I docs
I episodic
I committed
I believed
I dragging
I candy
I cso
I eleceng
H dramatic
H every
I doubly
I deal
I contradict
I did
I domestic
I brought
I conduction
I energy
I compare
I covers
I chuck
I concert
I changed
I closely
I decided
I disciplinary
H ditto
I email
I contracts
I cone
I divine
I commercially
I deadline
I egg
I draw
I conceptions
I degree
I clients
I conjure
I anxiety
I distilled
H counterparts
I dougb
I contributor
I ethanol
H curious
I discovery
I ecs
I dammit
I division
I elsewhere
I applies
I disaster
H contradict
I crohn
I crose
I derivation
I contribute
I aircraft
H concoctions
I eventually
I element
I equivalent
I encourage
I cousins
H column
I dragon
I desktop
I episodes
I determines
H doubling
I astronomy
I compromise
I create
I crab
I enyzme
I dropped
I asulfidine
H diuretic
I dod
I a
I directions
I distributed
I diagnoses
I department
I dragged
I disagree
H dependant
I countries
H enyzme
I condom
H dynamic
H disabling
I analogy
H diahrea
I cultural
I ale
H contemplating
I bugging
I eg
I description
I dissolve
I covered
H doesn
I bank
I controversies
I amazing
I comprehensive
I drug
I attributed
I din
I desperate
I bo
I dots
I cancer
I deductive
I donkin
I design
I critically
I assure
H confusion
I cycle
I disciplined
I beforehand
I cdm
I bobby
I broth
I enacted
I dakota
I conversation
I curcio
I ave
I classify
I chocolate
I cope
I dandruff
I emotionally
I disciplines
I disclaimer
I civil
I cats
I compatibles
H differential
I compliance
I creation
H concepts
I conscious
I depend
I ctd
H door
I each
I european
I corneal
I complete
I everpresent
I estd
I chording
I eating
I driver
I cislabs
I ether
H desire
I boys
H dilation
H dots
H colloquiums
H courter
H country
H did
I depressed
H debris
I enphasis
I correction
I despite
I cabling
I evolved
I crazy
I concentrate
H concert
I cary
I considerations
I dvm
I crap
I dehydration
H dangling
H doctors
I exceeded
I excellent
H compare
I dvorak
I dust
I dying
I epidemic
I conviction
I cymbal
H deserving
I configuring
I cts
I coal
I eliminating
I conduct
I edition
H eventually
I craig
I claims
I abreast
H derivation
I chris
I deciding
I dishes
H community
I donation
H devices
I exception
I concentrating
I dalacin
I conclusion
I environmental
I controvery
I contraceptive
I communities
I describes
H colloquiums
I brown
H each
I consequences
H end
H continuous
I cost
H drs
I blockers
I clinical
I covingc
H condom
I eau
H contains
I calculus
I erb
I detailed
I ceclor
H distinguished
I environment
I duration
I erythromycin
H donald
H dryden
H crap
H consumption
H clearly
H dispute
I clinic
I empirically
I erik
H cocaine
I chromium
I ambulance
I event
I cycling
I continue
I enhancer
H compromise
I detection
H cryptosporidium
I entirely
I decrease
I clue
I bug
I cuisine
I eukaryotic
I contamination
H estimated
I evangelist
I etc
H do
I convex
I enlarged
I crux
H diagnoses
I cnavarro
I computrac
H code
I distal
I dabbott
I comes
I disturbance
I boards
I develop
H counselor
I advising
H encourage
I domain
H claims
I drastically
I array
I autopsies
I camden
I connection
I ergotamine
H einstein
H courses
H comprehensive
I crhc
I cruz
H enhance
I cortico
H disciplined
I arm
I emstation
I contributors
I emg
I assume
I arrival
I combinations
I ematias
I elusive
I equally
H emergency
I band
I dose
H continuously
H disprove
I construction
H disclaimers
H cycle
I error
I enable
I codes
I custody
I deltuvia
I crystals
I done
I culmination
I eagle
I counts
I darwin
I creegan
H equivalent
I donors
H dip
I continued
I deb
I comparison
I easy
H environment
H courter
H configure
H definiens
I divorce
I archived
I communications
I bad
I curiosity
I depression
H describes
I dystrophy
I confused
I eaten
H drink
I eat
H epidemic
I climate
I evaluated
H doubt
I contradicted
I att
I compared
I condition
H describes
I computations
I examined
H events
I dream
I cure
H diagnoses
I dryness
H degree
H control
H contains
I cliff
I compatibility
H department
H difficulty
I controls
I cable
H electrophoresis
I cholesterol
H distilled
H doctors
I drain
I descent
I digital
I dpw
I benzocaine
I does
H cuisine
H dehydration
H computer
I conversations
I canadian
I color
I debts
H conventional
H deal
I csd
H correspondingly
I exacerbate
I drinks
I endoscopy
I demons
I denver
I escape
H confused
I curved
I documents
I bee
I anecdotes
I belongs
I depressant
H clinical
I dataman
H dfrf
I examine
H dunking
H dramatic
H decrease
I directory
I albert
H crs
I else
I citizens
I degrees
H design
I concern
I different
I colorful
I acne
I erroneous
I donor
H cows
H encouraged
H district
H dilation
I birth
I dos
I direction
I brand
H disciplines
I concentrated
I concerned
H department
H counts
I disappearing
I biochemistry
I challanged
I effect
H containing
I al
H coal
I availble
H cruzio
I copy
H entry
I endless
H electric
H dismal
I display
I distorted
I definition
H el
I company
I advisory
H epidemic
I evangelists
H domestic
I case
I bangladesh
I congenital
I everyone
H emg
H conducted
H concert
I discernable
I emptying
H error
H controvery
I dual
H contracts
I engineer
I decisions
I diagnosed
I concept
I drowning
I choose
I communitites
H competitive
I affairs
I cockpit
I continues
I dried
I by
I disclaim
I cosmetic
H dragonwriter
I e
H crystals
H environmental
I dozen
I crew
I bnr
I court
H cruz
H continued
I commulative
I concluded
H delayed
I coping
H dangling
H equipment
H diagnoses
I chinses
H determine
I copper
H conflicting
I disability
H close
H configuring
I descriptions
I aldridge
I correlation
I douglas
H cortisone
I doing
I appendix
I consisting
I clock
I dwallach
H codes
H despite
H compared
I adm
I derangement
I development
H concentrating
H everyone
H definitely
I balance
H committed
I dilated
I dosing
I defense
I elbows
I cystic
I cocky
I discoverer
I clubbing
I air
H doing
H counterparts
I cut
H demons
H consume
H cocaine
I demolished
I demon
I aix
I critters
H contacts
I de
H dryness
I edt
H cycling
I debra
I everybody
H cocky
H covered
H exception
I affliction
H copy
I combine
I afford
I agree
H dragonwriter
I chem
H contemplating
I colitis
I between
I cones
H everyone
I an
I curiosities
H eulenbrg
I colds
H eau
H dabbott
H equivalent
H depression
H committed
H equal
I dull
I descending
H dc
H contracted
I dpo
H divorce
H clients
I drastic
H contracts
I arranged
I deliberation
H critters
H envelope
I examples
H denninger
I bring
I acetominophen
I coast
H distorted
I components
I being
I biotechnology
H dots
I exact
H cook
H deal
H concentrate
I convert
I application
I astrocytomas
I dedham
I butte
I cumulative
I boundaries
I compiling
H commulative
I bones
H depression
I crdnns
I cured
I consistancies
H entirely
I accident
I ed
H digital
I credibly
H country
I effort
H door
H dot
I alto
H email
H commercially
I due
I christiansburg
I com
I excedrin
H drug
H cornell
H devices
I basically
I distally
H claims
I drinking
H communications
I both
I brookline
H cure
H classes
I biotech
H cocky
I desqview
I deeply
I deaf
I dave
I casio
H enable
H discoveries
I appears
H evaluation
I bigboote
H covington
I aden
H essentially
H endure
H dick
H duration
H curiousities
H elbows
I dinner
H defects
I eeg
H direct
I dig
I communication
I board
I disorders
H drastic
I deviated
I donating
I donna
H country
H education
H current
H concepts
I amphibia
I analyse
I defect
H coming
I discovered
I ergonomic
I dilute
H edt
H eeg
H erik
H crohn
I controlled
H denver
H dalacin
H drinks
I aspartate
I date
H dozen
I diuretics
I apples
I chance
I content
I desired
H contain
H donkin
I correct
I eats
I depth
I documented
I attaining
I dehydrated
H countries
H edition
I coincidence
I constant
H endoscopy
H develop
I aoa
H everyone
H continues
I dialog
H disprove
I advertised
I abduction
I camp
I enlighten
H creation
I clean
I aspirin
I applied
I cadre
I backspace
I diseases
H cultural
I dnif
I erythema
H doyle
I cycles
I break
H dilated
I encountered
H double
H description
I bookkeeping
H compatible
H donation
H cts
H dilation
I completly
I definitions
H credit
I arguing
H derivation
I anthony
I commercial
I distant
H evoked
H eventually
H eliminating
H disaster
H degeneratig
I crystal
I camino
I cures
I arises
I daniele
I conclusions
I center
I additive
H ether
I camping
H every
I device
H encountered
I circle
I drives
H claire
H episodic
I asserts
I closer
H disagree
H confused
H display
H conduct
I dr
I elizan
I background
I conducting
I born
I collections
I encyclope
I babies
H confound
I delaney
H effect
I ekg
I certainly
H distilled
H discuss
H clean
I benzene
H example
H crazy
I entails
I conclusive
I alphanumeric
I animated
H district
H constant
H effective
H conclusions
H exact
I entire
H electric
I calcom
I contact
I diego
I cultist
I dgbt
I efficient
H demolished
H dubin
H compiling
I discover
H demand
H consumption
H considering
I corp
H disclaim
I beers
I adapt
I combination
H empirically
I barre
H electronics
I commands
H cold
I comments
H dataman
I empirical
I deprivation
H court
H components
I accepted
I creme
I dn
I distressing
H drug
I comfort
I comp
I didn
H doubly
I addiction
H communities
H diuretics
H crew
H climate
I cstg
I analgesic
H dismal
I developed
I contained
H concoctions
H concentrated
I absurd
I endometriosis
I enter
H concepts
I depends
H colorful
H dose
H defects
H dwallach
H closer
H encouraged
I attention
I derek
H conversation
H entails
I engineering
I deep
H efw
I dbc
I buoyancy
I ent
I criticism
H coming
H due
I considerable
I diffuse
H desirable
H computations
I ethical
I driving
I david
H ent
I castle
I consists
I contents
I endemic
H divert
I compounds
H compiling
H elsewhere
I ergoplic
H depressant
I county
H din
I clearasil
H complicated
H coninued
H examples
H combination
I ergonomics
I causing
H dependant
I entities
H cliff
H describing
I bottom
H desktop
H constant
H curved
I areas
I attacks
H cts
I denise
I combined
H depressant
I amateur
H endemic
H defect
I bulk
H dig
I diagnostic
I crucial
H close
I differences
H dehydration
H differences
I city
I constantly
H consume
H dod
I companies
I edwards
H done
H determines
H discussing
H display
H drain
I battery
I constitutional
H delayed
H evolved
H enphasis
H due
I desk
H creationists
I ear
H concentrating
I distorts
I anaerobic
H contact
H enhancer
H crohn
H content
I come
H element
I esses
H configurable
H detection
I ert
H desiderata
H estimated
I appreciated
H evangelists
I converts
I even
I establishing
I eryc
H disprove
H donkin
H crdnns
I altoona
H consideration
I breath
H duration
H contributors
H codes
H discernable
I establishment
I csl
H eating
H effective
I anecdotal
H classification
I baking
I drand
I commentary
I developing
H department
H cone
I drugs
I contrast
I cancelling
H confirmation
I chiropracty
H corp
H dammit
H connecting
H constitutional
I consultation
I don
H estd
H coninued
H development
H conscious
I critics
H education
H debris
I chig
H developed
H course
I cyanide
H concoctions
H demand
H crucial
H cold
H ear
H diffuse
I daydream
I ability
I beats
H clark
H division
I consolidated
I cmu
I colostrum
H cystic
I carl
I co
H establishment
H deb
H enable
H difference
H contradict
I ctt
I antidepressants
H deeply
I dosage
H close
H donors
I exam
H dgbt
I accusations
I deborah
I deteriorated
H enter
H contradicted
H ergotamine
I elaborate
I daniel
I argument
H dryden
H continuous
H electronics
H curious
I coccidiomycosis
I coccidiodes
H contacts
H estimated
I breaking
I counting
H deal
H disability
I chiropractorstreat
I comm
H condom
I embarrassed
H ekg
H disruptive
I coca
I compressed
I errors
I ecsvax
H coninued
I apply
I antidepressant
I em
I cdc
H encourage
H dfrf
I devastating
H degeneration
I epidemics
I acidophilus
I apparently
I bozeman
H curiosity
H crystals
H conclusions
I annals
H credit
H clue
H engineers
H confirmation
I drops
I connecticut
E biblio
I emphasized
H date
H emotionally
E dreams
I commit
H elbows
H considine
H demonstrated
E consider
I episode
H css
H epidemics
H disappearing
H critical
E customized
I cord
E common
I chapel
H deviated
H emotionally
E aromatic
I activities
H dgbt
H dragon
E acknowledged
I daydreams
H correct
H disappearing
H content
H criticism
E books
I adherence
H cstg
H competitive
E dilatation
I completion
H determine
H endometriosis
H cultures
E actual
I au
E dan
I doctory
H din
E deficiencies
I azathioprine
H controls
H doubt
E dimethyl
I esthetic
H cross
E datahand
I escalate
E doctrinaire
I enzyme
H desc
H essential
E controlling
I dizziness
H electrophoresis
E and
I examining
E britain
I billion
H encyclope
H critical
E berkeley
I capsule
E directed
I behaviorists
E compensation
I absolutely
H examine
E developer
I bunyip
H donors
H dpw
H complaints
H css
H configure
H elbow
H cunixa
E crash
I death
H emphasized
H continued
H donna
E cell
I composition
H enter
E chest
I crd
H emptying
E benefits
I departments
H crystal
H disciplines
E editorial
I decide
E compiler
I ahead
H evangelists
H encourage
H duties
H cold
H definiens
H claim
E during
I albany
E baseline
I afronted
H county
H classify
H concluded
E caution
I area
E accpak
I bldg
E becomes
I adelaide
H dunking
H clubbing
E dangerous
I dianne
H death
E bhjelle
I clots
E aggravated
I cap
E asians
I associations
H dryness
E document
I audible
H degeneratig
E blazie
I capsules
E depressants
I croton
H degeneration
H does
H distorts
E business
I broccoli
E discovering
I conditiion
H deb
E dramatically
I amn
H encouraged
H dynamic
E doc
I corporate
H dystrophy
H deborah
H eric
H exam
H doubly
H constitutional
H dvm
E cheating
I convince
H deep
H diagnosis
E bay
I cs
E b
I author
E count
I ee
E approved
I corn
H decide
H enyzme
H cmu
E data
I aside
H delaney
E daughter
I developer
H discovery
E ardent
I burying
H contemplating
H edwards
H devices
E easily
I described
E competing
I dimethyl
H dfrf
E can
I compuserve
H compatibility
E evening
I accidentally
E edu
I chemicals
H eleceng
H esses
H drugs
E artificial
I cm
E associates
I directing
H daniele
E couldn
I adjustment
H devastating
H duca
H considerations
E cool
I appointments
E cmptrc
I bumps
H cook
E corporation
I colorado
H does
H conflicting
H deprivation
E burning
I distinguish
E discussion
I controlling
H disorders
E contacting
I bombarding
H deal
E detail
I dreams
H crab
E covering
I bibliographic
H comfortable
H disciplinary
H endure
H concert
H denise
H comfort
E eng
I contagious
H coincidence
H diuretic
H crab
H commercial
H excellent
H eryc
E button
I aggravate
E brands
I cunews
H coca
E dmp
I details
E controversial
I afterwards
E educational
I almonds
H coca
H diagnostic
H dod
H corneal
H effort
H dosage
E damage
I consumers
E doctor
I births
H ekg
H cornell
E currently
I dfitts
H closely
E cities
I discomforts
E cfdd
I die
H ecsvax
H citizens
E became
I delusional
H critically
H conduct
H counts
H coal
H derek
E darby
I either
H doyle
H clearly
E demo
I could
E detect
I couple
H distal
E especially
I enjoy
E counselling
I chairman
H close
H drives
H discoverer
H european
E emphysema
I cloths
H each
H cyanide
E balanced
I er
E arrogance
I begin
E creek
I are
E emgs
I altitude
H cnavarro
E discomfort
I centrally
H cortisone
E copies
I encyclopedia
H everyday
H determine
E asian
I bureaucrats
H dougb
H cymbal
E believe
I down
H environment
E component
I differently
H evolved
H crucial
E concede
I akron
H engineers
H distorts
H distally
H eb
H devastating
H dwebb
H difference
H equipment
H examining
H credit
E euclid
I bitnet
E ar
I creative
E dirt
I campus
E edwin
I coated
H drinks
E compiled
I certainty
E dsz
I ceftin
H embarrassed
E chords
I alas
H difficulty
E dismutase
I cutting
H eryc
H civil
H deductive
H dot
H closely
E dealing
I cbnewsd
E dia
I concerns
H correlation
H dn
H eugenics
E collection
I becoming
H contain
H cured
H disciplined
H components
H conjure
H cyanide
E concerning
I autosomal
H episodic
E drop
I brener
H errors
E denial
I afraid
H closer
H disturbance
E easier
I benign
E base
I enoughf
E estrogen
I bothersome
E cooper
I allergies
H ee
E confess
I directly
H defense
E designed
I dsl
H distorts
H cross
E ccreegan
I accentuate
E anthropology
I exactly
H crhc
H cone
E debbie
I adjustments
E dry
I buggers
E chemically
I blown
H diagnoses
H entities
H colorado
E decision
I accessories
E dieting
I dan
H demonstrated
E dictionary
I among
H emstation
E div
I attributable
E cream
I cit
E donovan
I agenda
H configuring
E cases
I decision
E cardiac
I cola
E ending
I chair
H conceptions
H controversies
E accucorp
I all
H compressed
H cord
E cradle
I ethics
H development
E central
I bending
E butylated
I aisun
E applying
I coherent
E donate
I dieting
E colors
I attleboro
E admit
I chappaqua
E dyer
I dangerous
E diagnose
I breeding
H enphasis
E ad
I denial
H crs
H developing
E exceed
I diverge
H comfort
H dubin
H decide
E electromagnetic
I completely
H enoughf
E decreased
I adulation
E clamps
I california
E allocates
I count
H discovered
H elaborate
E curative
I euclid
H courses
H closely
E contrary
I abeit
E duke
I dhe
E applelink
I aura
E college
I curative
E eulenberg
I considered
H crux
E docs
I aftereffects
E believed
I ankles
E dragging
I cooper
E candy
I dec
E cso
I bought
H dot
E brought
I accukey
H definiens
E conduction
I contrib
E energy
I asked
H dnif
H episodes
H connection
H drs
H cs
H examined
E covers
I brooksby
E chuck
I acquired
E changed
I attended
H classes
H dakota
H conventional
H debris
E decided
I cabinet
E ditto
I ears
E divine
I daugter
H dots
H dangling
E deadline
I custer
H cocky
H depressed
E egg
I controled
H cts
H doing
H discomforts
H citizens
E draw
I advances
H comp
H consumers
E anxiety
I ambient
E contributor
I appleton
E ethanol
I boynton
H disturbance
H contagious
H emphasized
H directions
H commercially
E ecs
I comment
E applies
I caffeine
H depressed
E crose
I cultured
E contribute
I distinction
E aircraft
I brandeis
H enter
H desc
H directory
H encyclope
H distinguish
H ed
H excedrin
H consultation
E cousins
I acute
E column
I customized
H cstg
H diagnosed
H connecticut
E doubling
I ball
H details
E astronomy
I convinced
H cymbal
H dabbott
H excellent
E create
I aware
H conversation
H establishing
H curiosities
H desktop
H elbow
H conscious
E dropped
I digex
H dunking
E asulfidine
I december
H disturbance
H empirical
E a
I died
H eleceng
E distributed
I entering
E dragged
I care
E disabling
I bernstein
E analogy
I evening
E diahrea
I after
E ale
I cleanser
H deliberation
E bugging
I clinton
H company
E eg
I diplomacy
H delayed
H clinton
E dissolve
I boxes
E doesn
I day
H commands
H disagree
H encyclopedia
E bank
I doh
E amazing
I discovering
H combine
H episodes
H directing
H describing
H consistancies
H ert
H dvorak
E attributed
I cleared
H donating
H court
E desperate
I avery
H congenital
H compromise
E bo
I currently
E cancer
I drive
H depressant
H cows
H controlled
E assure
I distributor
H conceptions
H dhe
H discuss
H delusional
E confusion
I definite
H entails
H eeg
E beforehand
I describe
H coccidiodes
E cdm
I attack
H county
H dsl
H distinguished
H depressed
E bobby
I appointment
H cycling
E broth
I donovan
E enacted
I amendment
E curcio
I costs
E ave
I budget
H eukaryotic
H compressed
H curiosity
E chocolate
I clone
E cope
I alfred
H dehydration
E dandruff
I dead
H consistancies
H enjoy
H dougb
H dizziness
H decisions
H control
E disclaimer
I east
H estd
E cats
I dissemination
E compatibles
I desease
E differential
I difficulties
H event
H coccidiomycosis
E compliance
I colby
H disaster
H cockpit
E depend
I cleaning
H confirmation
H clubbing
E ctd
I cb
E complete
I donate
E everpresent
I diverse
E chording
I alternatives
E driver
I dry
E cislabs
I context
H conduct
H diuretics
E desire
I disorder
H exam
H documented
H dragonwriter
H endemic
H eagle
H essentially
E boys
I dissolve
E did
I england
E correction
I diabetes
H excedrin
E cabling
I debbie
H consists
H dizziness
H contents
E cary
I doesn
H dehydrated
H deeply
H denise
H ergotamine
E exceeded
I apart
H daydream
E compare
I document
E dust
I diet
E dying
I boyfriend
H evangelists
H enhancer
H digex
E conviction
I anyhow
E deserving
I dilate
E craig
I consequence
H depth
E abreast
I amigan
E chris
I dear
E deciding
I component
E dishes
I data
E community
I docs
E conclusion
I effects
H distorted
E contraceptive
I bell
E colloquiums
I energy
H disaster
E brown
I besler
E consequences
I dsz
H drinking
E end
I cope
E cost
I crash
E blockers
I chb
E covingc
I elementary
E calculus
I bmdelane
E erb
I bimonthly
H email
H descriptions
E detailed
I curing
H construction
E ceclor
I azulfadine
H display
H dialog
H completion
E erythromycin
I arterial
E donald
I constituent
H diseases
H combinations
E crap
I displays
H dec
H coincidence
E dispute
I behind
E clinic
I actrix
E chromium
I duke
E ambulance
I council
H dryden
E continue
I bit
E cryptosporidium
I custom
E bug
I evolution
H correlation
E contamination
I cow
E evangelist
I drop
H commentary
H connecticut
E etc
I based
H east
E do
I antihistimines
E convex
I buttocks
E enlarged
I dramatically
E computrac
I affair
H decision
H eric
H deltuvia
H considering
E code
I during
H council
H cs
H custom
H darwin
H escalate
H domain
E comes
I converter
H differences
H configure
H cts
H coccidiodes
H claim
H el
H council
H conclusive
H debra
H discernable
H cones
E boards
I bothered
H date
H distally
H counts
H cortisone
E counselor
I effectively
H definitions
H degeneration
H disorders
E advising
I doubling
H endless
E drastically
I doug
H comfort
H emstation
H donna
E array
I daily
H commands
H domain
H eulenbrg
E autopsies
I copyright
H cycles
H daugter
H coherent
E camden
I consequences
H discovering
H concentrate
H distinction
E einstein
I angle
H consequences
E comprehensive
I detect
E enhance
I dismutase
E cortico
I everpresent
H comment
H evening
H custody
H cliff
E arm
I deciding
E assume
I dirt
E arrival
I convex
H european
H dosage
E ematias
I damned
H deb
H dead
E elusive
I discounts
H entire
H cultured
E equally
I etc
H computer
H death
E emergency
I added
H controlled
H easy
H driving
E band
I ages
H deprivation
E continuously
I edward
E disclaimers
I admitted
E cycle
I delphi
E culmination
I bournemouth
H drugs
H comment
E creegan
I computrac
H detection
E dip
I deficiencies
H crucial
E comparison
I alias
E courter
I caught
H device
H clean
H done
E archived
I blake
H dependant
H course
H douglas
H descriptions
H elaborate
E bad
I eng
E eaten
I ditto
H conducting
H communities
H debra
H congenital
H customized
E drink
I brenner
E eat
I circumcised
E evaluated
I entity
H demon
H clinical
H el
H directory
E att
I clear
H discuss
E condition
I border
H ethical
E describes
I contributing
E events
I confusion
E dream
I erie
H engineering
E degree
I exceeded
H clue
H confusion
E contains
I actually
H exacerbate
H diego
E cable
I boy
E cholesterol
I disease
E doctors
I clothing
E descent
I dopa
H commit
H edwards
E benzocaine
I cabin
H envelope
E cuisine
I beneficial
H digital
E conversations
I copies
H confused
E canadian
I arnold
H dataman
H cow
H emg
E color
I disabling
E debts
I datahand
E csd
I durham
H counts
H consists
E correspondingly
I contacting
H england
E escape
I disc
H dull
H evolution
E documents
I chartered
H communication
E bee
I corporation
E anecdotes
I designed
H courses
H conclusions
H every
E belongs
I detailed
E dramatic
I cnsvax
H diverse
E decrease
I donnell
H considerable
H croton
H diego
H constituent
H differences
E albert
I bulging
H episodes
H european
E else
I evaluated
H discussing
E degrees
I codine
E design
I dream
H element
E concern
I eat
H consequences
E different
I enantiomers
E acne
I confident
E erroneous
I delete
E donor
I ctd
H demand
E birth
I evaporated
H distributor
E dos
I deet
E direction
I cyclics
H eryc
E brand
I dfield
E concerned
I decongestants
E biochemistry
I aircrew
H decongestants
E challanged
I except
E containing
I compartment
E al
I contribute
H driving
H deductive
H death
E availble
I conclude
H corn
H crux
E cruzio
I anyway
E entry
I demo
H cultural
H electronics
E definition
I compiled
H dfield
H distributor
H discounts
E advisory
I bennett
E epidemic
I aries
H considering
H clock
H considine
H cnavarro
H dreams
H demons
H cultist
E domestic
I agreeing
E case
I competing
H cured
H dissemination
H curiosities
H event
E bangladesh
I diagnose
E conducted
I csd
H conversation
H concentrating
E error
I adding
H dhe
E controvery
I epa
H display
H darwin
H estd
E dual
I compromised
H epidemics
E engineer
I clinic
H etc
E concept
I everett
E drowning
I cognitivists
E choose
I battles
H cleanser
H drand
H defense
E communitites
I chicago
E affairs
I beating
E dried
I difficult
H everett
H digex
E by
I becasue
H details
E cosmetic
I banned
H environmental
H crab
H effect
E e
I crime
E bnr
I cranial
H death
E cruz
I any
H eventually
H diego
H custom
E coping
I color
E chinses
I disappeared
H coccidiodes
E copper
I contraceptive
H evolved
H dehydrated
H conditiion
H entire
H come
E aldridge
I describes
H enantiomers
H desc
E appendix
I building
E consisting
I denervation
H dull
E despite
I discussion
E compared
I chomping
H encyclopedia
E adm
I creativity
H ee
H classes
H dose
E derangement
I degrees
E definitely
I equally
H convince
H covington
E balance
I earlier
E dosing
I demanded
H donnell
H don
E air
I amy
E counterparts
I events
E cut
I breast
H decide
E cocaine
I besides
E aix
I equator
H clearly
E de
I et
E everybody
I dearly
E covered
I discomfort
H eats
E exception
I entail
E affliction
I chen
E copy
I containing
E afford
I baton
H denver
E agree
I across
E chem
I anyone
H dose
H difficulties
E colitis
I apr
H enjoy
E between
I copper
H excedrin
E an
I bone
E colds
I eaten
H dissolve
E eau
I bathroom
H depends
E equivalent
I anon
E committed
I correctly
E equal
I documention
E descending
I disavow
H doctory
E dc
I cites
E contracted
I camb
H eng
E dpo
I breasts
E divorce
I depend
H copper
H description
H closely
E clients
I breech
H constantly
H correct
E contracts
I duty
H definite
H disorder
E arranged
I codeine
E critters
I einstein
E denninger
I cosmetic
E bring
I cigarette
H dinner
E acetominophen
I elizabeth
H drinks
E coast
I disfiguring
E being
I bloating
E biotechnology
I cluster
E convert
I conduction
E application
I diabetic
E astrocytomas
I breaks
H compuserve
E dedham
I cirrhosis
E butte
I begun
E cumulative
I animal
H contents
E boundaries
I creek
H elbow
H contradicted
H depend
H commit
H commercial
E commulative
I aldhfn
E bones
I distribution
H distorted
H diabetes
E depression
I arlington
H described
H endless
E entirely
I ella
H departments
H eb
H cognitivists
H cognitivists
E accident
I examination
H examining
H doh
H dakota
H cleanser
E credibly
I dramatic
H duties
H energy
H consequences
H doug
E door
I e
H creation
H drugs
E alto
I egg
E christiansburg
I beyond
H defect
H cognitivists
E com
I calling
H esthetic
H examined
H duke
E basically
I aids
H digital
H district
H corporate
E claims
I edwin
H dfitts
E communications
I age
H contribute
E both
I emergency
E brookline
I apple
H doubly
H cloths
E cure
I cat
E biotech
I conference
E desqview
I backward
E deaf
I dying
H compromised
H contact
E dave
I doctrinaire
H disorders
H discovery
H consume
E casio
I different
H east
E discoveries
I anglophile
E appears
I ematias
H datahand
H entering
H crime
H ella
H clearasil
H entity
H detect
E evaluation
I darby
H embarrassed
E bigboote
I cea
H contrast
H components
H everyone
H disclaim
E aden
I conceivably
H desk
H discovered
H coated
H co
H descriptions
E dick
I doses
H doubt
H countries
E curiousities
I appraised
H date
H euclid
H critically
H elizabeth
H distant
H edition
H citizens
H customized
H dr
E direct
I evaluation
H citizens
E board
I deaf
H dying
E drastic
I clarke
E country
I clamps
H episode
H codeine
H devastating
E current
I although
H computer
E amphibia
I coyote
E analyse
I covingc
E ergonomic
I definition
E dilute
I bury
H distally
E edt
I box
H disprove
E erik
I claimed
H every
H comm
H enlighten
H colostrum
H enlighten
E dalacin
I doctors
E aspartate
I erik
H currently
H elementary
E dozen
I dishes
H doubling
H down
E apples
I concerning
H drop
H eliminating
H egg
H desired
E chance
I cruz
E attaining
I enacted
H completion
H constant
E endoscopy
I americans
E develop
I dos
H contacts
H corneal
E aoa
I contributor
H crystals
H correlation
E continues
I colitis
E advertised
I design
E abduction
I chosen
H creativity
E camp
I decrease
H elizabeth
H dissolve
E aspirin
I denninger
H defense
E applied
I definitely
E cadre
I days
H desktop
H dosage
E backspace
I edu
H discussion
E erythema
I bullied
E break
I again
E dilated
I editorial
H entire
H continuous
E double
I blood
H dgbt
E bookkeeping
I batavia
H donna
H connecting
H deductive
E compatible
I contrary
E donation
I conversations
H essential
H cleanser
E dilation
I disclaimers
H disclaim
H crazy
H enlighten
E completly
I correspondingly
E arguing
I also
H cultures
H definition
H evolved
E derivation
I dna
H city
H donovan
H earlier
H dull
E anthony
I enlarged
H died
H consultation
H compuserve
E evoked
I elavil
E camino
I dpo
E cures
I coe
H confound
E arises
I appear
H displays
E center
I common
H common
H creative
H deliberation
H exam
E additive
I american
E ether
I assertion
H editorial
E camping
I contracted
E encountered
I cc
E circle
I action
H city
E claire
I creegan
H compatibility
E asserts
I conclusion
E elizan
I arms
E background
I dictionary
H developing
H em
H everyday
E born
I dragondictate
E collections
I comparison
E babies
I alleviate
H clone
H curiosities
H configurable
E certainly
I accounting
H entail
H conceptions
H doyle
E distilled
I bshelley
H creme
H clear
H equipment
E benzene
I aren
E example
I column
H disagree
H cooper
H contraceptive
H er
H discomfort
E alphanumeric
I anything
E animated
I ex
E exact
I beacon
H demon
E electric
I collections
H drives
H entering
E calcom
I draw
H concluded
H creationists
H dan
H corp
H doing
E efficient
I colds
H die
H coal
E demolished
I decreased
H converts
E discover
I against
E consumption
I already
E beers
I critters
E adapt
I affected
H court
H depth
E empirically
I efficient
H discoverer
E barre
I beginning
E comments
I ever
E accepted
I black
E distressing
I daughter
E drug
I compensation
H either
E didn
I double
E addiction
I d
H clots
H drinking
H donors
E crew
I biologically
H denervation
H dan
H custody
E climate
I collection
E analgesic
I anatomical
H dianne
E dismal
I cruzio
E contained
I entry
E concentrated
I almaden
E absurd
I craig
H constituent
H correct
E concepts
I dedham
E colorful
I eulenberg
H dubin
H etc
E defects
I act
H depressant
H codine
H communities
H entering
H entails
H color
H convinced
H enable
E dwallach
I chances
E attention
I dorland
H disturbance
E efw
I before
H distal
H ella
E dbc
I consumes
H designed
H division
H cranial
H continued
H combination
H contrib
E buoyancy
I career
E coming
I connector
H dangerous
H cyclics
E desirable
I advanced
E computations
I distributed
H details
H enzyme
E david
I enterprise
H day
E ent
I erb
E castle
I direct
E divert
I address
H erb
E compounds
I branch
H diagnostic
E compiling
I concede
E elsewhere
I condition
E ergoplic
I compensated
E complicated
I charge
H dna
E examples
I compounds
H contain
E ergonomics
I brigham
H definitions
H day
E causing
I chase
E bottom
I decided
H diuretics
H contracted
E curved
I attached
E areas
I cocaine
H doing
H dedham
E attacks
I availability
H deteriorated
E combined
I brachial
E amateur
I example
E bulk
I allen
H dear
E dig
I evoked
E companies
I evidence
H conclude
H deciding
E determines
I basis
H eaten
E drain
I communitites
E battery
I error
H decreased
H daydreams
H daniele
E due
I dragged
E anaerobic
I claire
E crohn
I deviation
H drive
E desiderata
I crap
E appreciated
I deadline
H conclude
E even
I digestive
H edwin
E donkin
I descending
E crdnns
I educational
H dangerous
H dream
E altoona
I entirely
E consideration
I coping
H dr
E breath
I bringing
E duration
I dilated
E contributors
I dist
H disaster
H exactly
H converter
H determine
H distinction
H editorial
E codes
I aunt
H eaten
H clark
H corn
H clubbing
E csl
I cannot
E eating
I cool
E effective
I colorful
H customized
H emotionally
E anecdotal
I attorney
H colitis
E classification
I antibiotics
H diverse
H elementary
H concentrate
H desease
E baking
I borreliosis
E department
I convert
E cancelling
I donald
H consultation
E chiropracty
I doc
E dammit
I ergoplic
E critics
I antibiotic
E education
I dalacin
E chig
I despite
H directory
H dianne
H colby
E developed
I erroneous
H closer
E concoctions
I cipr
H confound
H creativity
H dnif
E ear
I commulative
H conduction
H craig
H delayed
E diffuse
I continues
H city
H corn
H could
E ability
I everything
E beats
I bedtime
H contributing
E consolidated
I dropped
H control
H cultist
H drive
H cone
E cystic
I darvocet
E carl
I dia
H cultured
E establishment
I conditions
H cs
E contradict
I dale
E ctt
I bilateral
E antidepressants
I blue
E accusations
I consisting
H discomforts
H exactly
H concerns
E daniel
I cream
H down
H confident
H equally
H copies
E argument
I adhesive
H dropped
H degrees
E curious
I dandruff
H consists
H competitive
E estimated
I crohn
H classify
H deviation
E breaking
I comdex
E counting
I evangelist
H disciplinary
H dalacin
E disability
I estrogen
H dia
E chiropractorstreat
I childhood
H discussing
H debra
E condom
I curious
H comp
H coccidiomycosis
H enphasis
E disruptive
I audioport
H developer
H computrac
H eugenics
H dilate
E coninued
I elusive
H cyclics
H don
E apply
I emphysema
E antidepressant
I contained
H discovery
H dhe
E cdc
I commencing
H eukaryotic
E acidophilus
I comes
H daydream
E apparently
I caroline
E bozeman
I credibly
E annals
I alt
H contacting
E drops
I ate
E elbows
I bigot
H describe
H definition
E chapel
I belmont
E deviated
I cancers
H cows
E activities
I divine
E dragon
I culmination
E disappearing
I assistant
H east
E content
I braille
H digestive
E criticism
I consolidated
E adherence
I amount
E endometriosis
I early
E au
I curcio
E din
I cells
E azathioprine
I efw
H dictionary
E controls
I blank
H conclude
H clinton
H errors
H custom
E electrophoresis
I cheaper
H eric
E billion
I desiderata
H deltuvia
H ex
E critical
I aloe
E capsule
I ergonomic
E behaviorists
I dick
H dramatically
E absolutely
I com
E examine
I crew
H concentrate
E bunyip
I berendo
H cream
H cymbal
H enjoy
H cord
H diplomacy
H come
E dpw
I dgp
H conceivably
H einstein
H eat
H corporation
H except
H commulative
E complaints
I dosing
E css
I damages
H dvm
E cunixa
I borough
H dropped
E composition
I alu
E crd
I claims
H curing
H dvorak
E emptying
I daniel
E crystal
I counselling
E disciplines
I elsewhere
E ahead
I children
H containing
E encourage
I cso
E cold
I dispute
H exactly
H credit
E albany
I colors
H disappeared
H contraceptive
H coe
E afronted
I crose
H cool
H distinguished
H codine
H compensated
E area
I cash
H documented
E bldg
I encounter
E adelaide
I bottle
E cap
I acsa
H distributed
H continuous
H coherent
H double
E associations
I columbia
E dryness
I bed
H esses
E audible
I comprehensive
H everett
H controlled
E degeneratig
I endometriosis
E capsules
I believer
E broccoli
I disks
E amn
I chiropractor
E encouraged
I enough
H development
H demon
H donovan
E dynamic
I cohen
E dystrophy
I complete
E deborah
I cumulative
H drinks
E constitutional
I beth
E deep
I baboon
H competing
H evidence
E diagnosis
I back
E author
I chiropractors
H documented
E enyzme
I calendar
E cmu
I doctor
H clothing
E aside
I erythema
H cleaning
H conventional
H crazy
E delaney
I blindness
H degrees
H could
H doses
H contents
H combination
H dragondictate
H crux
H cutting
H endometriosis
E burying
I do
H computrac
E contemplating
I did
E devices
I charles
E dimethyl
I contracts
H educational
E dfrf
I degree
E accidentally
I comments
E chemicals
I community
H computer
H dpo
H early
E cm
I cup
H darwin
H conscious
H count
E adjustment
I computers
H clean
H event
E duca
I donor
E considerations
I din
E appointments
I depressants
H diabetes
H degeneration
E bumps
I elizan
H controled
E cook
I compiler
H completely
E does
I demolished
E conflicting
I applications
H contribute
H connecting
E controlling
I adams
H dispute
H contrib
H conference
H dragged
H effects
E bombarding
I adequate
E deal
I establishment
H dia
H disavow
H cultures
H dedham
H dist
H column
H concert
E bibliographic
I butyl
H colby
E comfortable
I consumption
H entity
E endure
I desperate
E diuretic
I deviated
H dorland
H dead
H considered
E aggravate
I dammit
H don
E cunews
I carroll
H counselling
H component
H directing
H conjure
E afterwards
I derangement
E almonds
I controlling
H disappeared
E coca
I committed
E dod
I diffuse
H cleaning
H ee
H dream
E effort
I anonymous
H costs
E births
I came
H day
E ekg
I de
E cornell
I div
H coe
H ditto
H contagious
H derek
H dpo
E ecsvax
I backlog
E couple
I elbows
E chairman
I drops
E close
I articulate
E each
I cryptosporidium
H codeine
H difficulties
H debbie
E begin
I dwallach
H compuserve
E are
I cost
H everett
E altitude
I estimated
E centrally
I ethanol
E bureaucrats
I eau
E environment
I concentrated
H clothing
H docs
H convince
E differently
I due
H evaporated
E akron
I avoid
H dissemination
E engineers
I complication
E dwebb
I dimethyl
E difference
I archimedes
E bitnet
I dragging
H cluster
H critically
H decrease
H evening
H dsl
E campus
I almost
H contrast
H december
H derek
H disc
E certainty
I easily
H containing
H component
H columbia
E ceftin
I driver
H convex
E alas
I bruncati
E difficulty
I amitriptyline
E civil
I been
H company
E cbnewsd
I edit
H compiled
H docs
H eats
H environmental
E dn
I aggressively
E becoming
I descent
H deltuvia
H coping
E disciplined
I current
H emphysema
H easy
H episode
H dry
E cyanide
I apollo
H could
E autosomal
I adverse
E episodic
I archive
E brener
I even
E afraid
I chinese
H commercially
H durham
H donald
H equator
E benign
I bwb
E bothersome
I compared
H ethics
E allergies
I clients
H estrogen
H clearasil
H early
E directly
I attacked
E distorts
I body
H dakota
H elsewhere
E cross
I completly
H edward
E accentuate
I buttons
H dragonwriter
H dropped
H detection
H conclusive
H comdex
E crhc
I documents
H contagious
H diseases
H cloths
H controled
E adjustments
I cunews
H cleaning
H describe
E buggers
I antero
H comp
H daydreams
H conference
H enzyme
E blown
I called
E diagnoses
I escape
E entities
I autopsy
H dosing
E colorado
I ass
H cymbal
H contradicted
H dwallach
E accessories
I allowed
E demonstrated
I divorce
H columbia
E among
I communications
H damned
E attributable
I difference
H converts
E cit
I duca
E agenda
I america
H esses
H erb
E configuring
I compatibles
H comdex
E cola
I encouraged
H dsl
E chair
I comfortable
H conditions
E controversies
I dbc
E all
I appearance
E bending
I establish
E aisun
I durk
H enacted
H compuserve
H confident
H difficulties
E dieting
I door
H codine
H configure
E attleboro
I disrupt
H comparison
E chappaqua
I crystal
E breeding
I confess
H diet
H everything
H epa
H comes
H coyote
E denial
I contamination
E crs
I bb
E diverge
I chemical
H doctory
E enoughf
I average
E adulation
I degeneratig
E california
I empirically
H donate
E abeit
I dilatation
E aura
I cystic
H conclusion
E curative
I drawers
E aftereffects
I accept
E ankles
I differently
H everyday
H consisting
H example
H escalate
E bought
I defects
H emotionally
H edit
H colitis
H drops
E dot
I allows
E accukey
I desqview
E definiens
I blanched
H educational
E asked
I defended
E connection
I civil
E drs
I end
H communication
H effects
H engineering
H clarke
H damned
H concede
H county
H deviation
E brooksby
I bekins
E acquired
I exact
H dishes
H examining
E attended
I dave
H days
E debris
I controversies
E cabinet
I donation
H cope
E ears
I afternoon
H crime
E dots
I drowning
E dangling
I but
H durk
H crime
E custer
I covering
E cocky
I accurate
E advances
I dn
H discoverer
H cluster
H dan
E consumers
I controls
H continued
H donor
E ambient
I cycle
H exceeded
E appleton
I custer
H darvocet
E boynton
I boulevard
H done
H clinton
E emphasized
I csl
H dvorak
E directions
I boston
H dictionary
H clone
H disrupt
H colostrum
E caffeine
I concerned
E brandeis
I cola
H cocaine
E enter
I administered
H device
H exact
E encyclope
I assistants
E distinguish
I consideration
E ed
I code
H crew
E acute
I crhc
E cstg
I articulated
H crose
E diagnosed
I compare
E ball
I ceasetown
H diverse
H deadline
H clark
E dabbott
I entities
E excellent
I drug
E aware
I ago
E establishing
I disability
E dunking
I adobe
H ergotamine
H examining
H e
E empirical
I detail
E eleceng
I counterparts
H et
E care
I develop
H egg
H cosmetic
H escape
E bernstein
I brittle
E after
I ear
H consumption
H delete
H corp
H envelope
E boxes
I create
H ethanol
E combine
I casbah
E describing
I distinguish
E ert
I crank
H dimethyl
H cruzio
H crhc
H did
H dist
H eat
H costs
H coincidence
E cleared
I consumers
E donating
I cant
E avery
I animals
E compromise
I episodic
E delusional
I domestic
E eeg
I anaphylactic
E attack
I aneurysm
E depressed
I dc
H engineering
E appointment
I dual
H contained
H ethics
E cycling
I bridgeport
H dave
E amendment
I curative
E budget
I cilia
E compressed
I calpoly
H element
H concerned
E curiosity
I alter
H diplomacy
H driver
H creek
E alfred
I directly
H convince
E dehydration
I cradle
H dishes
E consistancies
I cortico
H communication
H dn
H colby
E dougb
I directed
H dialog
H desired
E decisions
I ciqinn
E cockpit
I baff
H escalate
E confirmation
I distilled
H encounter
H distributed
E cb
I dfrf
H dsz
H commit
H desqview
E alternatives
I centrifuge
E context
I enterprises
E conduct
I ciliary
H ergoplic
E endemic
I endoscopy
E eagle
I covers
E essentially
I antichiropractic
E dizziness
I copy
H empirically
H er
E doesn
I calne
E deeply
I capable
H dragged
H donate
H dc
E denise
I coast
H datahand
H drives
E apart
I chigger
E document
I cornell
H denninger
E boyfriend
I appraisal
E evangelists
I describing
H escalate
H divine
H erroneous
E enhancer
I brain
E anyhow
I capacity
E consequence
I advocates
H double
H edwin
E amigan
I composition
H demanded
H erie
H concentrated
H come
H correct
H enough
H deficiencies
H clothing
H easily
E data
I bluegreen
H disrupt
H dinner
H effect
H countries
H cyclics
E bell
I everybody
H edit
H comments
H composition
E besler
I dpw
H enough
E crash
I denial
H electronics
H deaf
H distinguished
H douglas
E chb
I carries
E bmdelane
I allow
H descent
H edition
H conversations
E bimonthly
I cold
H cranial
E email
I automatically
H evangelist
E construction
I billary
E azulfadine
I connection
H duty
E arterial
I diverge
E combinations
I conflicting
E dec
I couple
H deviation
H documention
E behind
I critics
H elaborate
E actrix
I cis
E dryden
I engineers
H decided
E bit
I diuretic
H complication
H cones
H considered
H em
E commentary
I blind
H considine
E connecticut
I aquaduct
H computers
H elsewhere
E based
I desire
E antihistimines
I acton
E buttocks
I conviction
H decrease
H damages
H denervation
E affair
I commentary
H deet
E decision
I adenomas
E during
I bmerh
H duty
E cts
I endure
H cunews
H covering
E claim
I bunches
H dragondictate
H eats
H connector
E council
I cambridge
H clarke
E discernable
I combine
E bothered
I dyer
E cortisone
I counting
E effectively
I dystrophy
E comfort
I assessing
H concerns
H even
H conclude
E emstation
I chin
H directly
E daily
I chemist
H composition
E commands
I during
E domain
I chronically
H critters
H claimed
H displays
H corporation
H dirt
E eulenbrg
I barker
H donnell
H compatibility
E copyright
I bloodcount
H converter
E cycles
I drastically
H detect
H conclusive
H contracts
H doctor
E daugter
I criticism
H coated
H contributor
H dammit
H departments
H derangement
E discovering
I education
H currently
H d
E angle
I add
E dismutase
I cleared
E everpresent
I appreciate
H code
E cliff
I ed
E deb
I college
H disclaimers
E added
I cuisine
E ages
I examine
H examination
H curing
H conclusion
H efficient
H encyclopedia
H direct
H december
H convert
H craig
H codeine
E deprivation
I culture
H convinced
H dissemination
E admitted
I eagle
H end
H desqview
H cup
H cured
E delphi
I dod
H compensated
E bournemouth
I drawn
E comment
I direction
E crucial
I exceed
E alias
I binah
E caught
I delphi
E blake
I dust
H dod
E dependant
I alan
E course
I discernable
H do
H damned
E conducting
I abbott
E congenital
I arrow
H connection
E brenner
I controvery
H disfiguring
E circumcised
I become
H either
H counselling
H constantly
E clinical
I association
H debra
H curcio
E el
I emphasized
H conference
E discuss
I brent
E border
I duration
E ethical
I aspects
H condition
H don
E clue
I context
E confusion
I demyelination
H clamps
H commencing
H equator
H culture
E actually
I equal
H din
H egg
E exacerbate
I endemic
H doctor
H correlation
E boy
I converted
H delphi
E disease
I crs
H comes
H events
E dopa
I deep
H desperate
E edwards
I announced
E cabin
I ent
H comp
H drops
E beneficial
I abdominal
H contamination
H creationists
E confused
I ekg
H cool
E arnold
I carolina
H defended
E dataman
I everpresent
H convinced
E cow
I consider
H during
H er
H contrast
H doctor
E emg
I adjust
H error
H description
H disfiguring
E disabling
I ecs
H enterprises
H clean
H enlighten
H duty
H drastically
H ever
E counts
I concern
E england
I diahrea
H culture
H deet
H dilate
E evolution
I construction
E chartered
I electric
H cs
H examination
H doctrinaire
H cloths
E courses
I else
H doug
E conclusions
I complaints
H documents
H concentrating
E detailed
I available
H exceeded
E cnsvax
I eating
E considerable
I exception
H curcio
H desease
H depressants
H cunews
E croton
I aliens
E differences
I commands
E bulging
I boswell
E episodes
I calm
H demanded
H evening
H communities
H contamination
H doubt
E european
I computations
E evaluated
I adjusted
H descent
E ctd
I disappearing
E demand
I dollars
E eryc
I combined
H difficult
H domestic
H describes
E aircrew
I ctt
E decongestants
I choice
E compartment
I correction
H denial
H couple
H exception
H description
E driving
I divert
E anyway
I baths
E demo
I each
H comdex
H complaints
H evoked
E cultural
I anne
H commencing
H elusive
E dfield
I bothers
H compiled
E distributor
I dmp
H crystals
E discounts
I backrest
H coccidiodes
H disfiguring
H detection
E bennett
I army
H clock
H enterprises
H dianne
E aries
I causes
E considering
I cables
E cnavarro
I cbnewsk
E dreams
I electrolytes
H difference
E demons
I derived
H different
E agreeing
I drain
H comes
E diagnose
I compartment
H connector
E csd
I dots
E conversation
I ears
H dearly
H cone
E adding
I daily
H detail
H esthetic
H converts
H contributing
H complete
H equal
E display
I bizarre
H diagnostic
E estd
I breathe
H enzyme
E epidemics
I debts
H drive
E clinic
I encountered
E battles
I boot
H delphi
H convex
E drand
I distressing
E chicago
I cousins
E beating
I conducted
H edwin
E digex
I dismutase
H episodic
E becasue
I eeg
H dfitts
E banned
I document
H effect
E crab
I data
H concerns
H describe
H dubin
E death
I coming
H etc
E any
I crd
H desired
E eventually
I doesn
E diego
I active
E dehydrated
I cut
E conditiion
I developed
H co
E enantiomers
I educated
E desc
I adiposity
H ergonomic
E building
I couldn
H drain
H constituent
E chomping
I counselor
H doctory
H composition
H cloths
H cystic
H due
H competing
E classes
I disruptive
H deteriorated
E covington
I cures
E amy
I cmptrc
E breast
I backon
H consume
E decide
I cycling
H dia
E besides
I dizziness
E clearly
I crdnns
H educated
H east
H committed
E chen
I ald
H electrolytes
E baton
I edt
H clots
E denver
I amt
H erroneous
H drinking
E across
I complicated
H coe
H desqview
E anyone
I ai
E dose
I edwards
E apr
I bethlehem
E excedrin
I brockton
E bone
I breakfast
H eliminating
H derived
H company
H doctrinaire
H direction
E bathroom
I discounts
E depends
I didn
H cunews
E anon
I decisions
H dandruff
H earlier
H establishment
H damages
E correctly
I certitude
E cites
I debris
H decreased
H dmp
H divorce
H decided
H coal
E camb
I demons
H distant
E eng
I buster
E breasts
I aio
H examination
H dangerous
E copper
I empirical
H concerned
E closely
I dec
H derived
H cortico
H euclid
H ella
E breech
I ccfa
H cutting
E definite
I certain
H control
H clamps
H cup
E disorder
I best
E cigarette
I ecsvax
H creation
H creativity
H distal
E bloating
I examples
H descriptions
H cup
H eulenberg
E diabetic
I electromagnetic
E breaks
I counter
H duca
E cirrhosis
I codes
E begun
I cycles
H computers
E animal
I crash
H demyelination
E elbow
I discover
H drastically
E depend
I episodes
E commercial
I carriers
H darvocet
E aldhfn
I commercial
E distribution
I dehydrated
E distorted
I ert
E arlington
I establishing
E described
I akgua
E endless
I da
E eb
I bogus
E doh
I andrew
H ert
H establishing
E dramatic
I correctly
E duties
I ac
H dystrophy
H create
H cleaning
E energy
I coca
E consequences
I calf
E drugs
I controversial
E beyond
I articles
H developed
H dearly
H estrogen
E defect
I aspect
H einstein
E cognitivists
I csd
E calling
I coninued
E examined
I bulletins
H demanded
E duke
I erythromycin
H discounts
E aids
I distribution
H damages
H contained
H directed
E digital
I deborah
E district
I consistancies
H controlling
H died
H education
E corporate
I assuming
H cultist
H considered
E age
I cultural
E emergency
I duties
H equator
H exceed
E apple
I assistance
H demyelination
H everyday
H darby
H crux
E doubly
I ctd
E cat
I effectively
E backward
I dried
E compromised
I abnormalities
E contact
I email
E disorders
I david
E anglophile
I cockpit
H doses
H consideration
E ematias
I calamari
H evaporated
E embarrassed
I domain
E cea
I conditiion
E components
I ballard
H concluded
H dull
H durham
H dpw
H et
E everyone
I ache
H dsz
E desk
I clearly
H cradle
H deteriorated
H court
H elizabeth
E discovered
I chelsea
H continues
H depressants
H educated
E appraised
I bd
H couldn
E date
I brian
E evaluation
I dopa
H disks
E citizens
I burn
H compiler
H ecs
E dying
I combinations
E devastating
I anybody
H differently
H compare
E although
I bucket
H create
H cockpit
H considered
E covingc
I digex
E bury
I detectors
E distally
I colloquiums
H eukaryotic
H comments
H critters
H editorial
H dust
E box
I curiosity
E disprove
I date
H eat
H cones
H dave
E every
I exacerbate
H daughter
E comm
I curiousities
H douglas
H cures
E doctors
I configuring
H colorful
H effects
E erik
I engineer
E doubling
I dangling
E concerning
I bass
E drop
I detailed
H defense
H different
E cruz
I copyright
H contacting
H clock
E completion
I corporate
H contribute
E constant
I apparent
H establish
H diabetes
E americans
I dunking
E dos
I beest
H enacted
H ever
H communitites
E contacts
I diagnose
H dopa
H cultured
H concluded
H drinking
E corneal
I driving
H controvery
H collections
E design
I advantage
E chosen
I distally
E dissolve
I determines
E definitely
I ama
E desktop
I characterized
E dosage
I channels
H dfitts
E edu
I alternative
E discussion
I concerning
E bullied
I condom
H different
E again
I benzodiazopines
E entire
I carpal
H claimed
E blood
I depends
H engineering
E dgbt
I arrange
E batavia
I covingc
E donna
I decongestants
E deductive
I desk
H cultist
H dvm
E contrary
I epidemic
H drain
E essential
I cheers
H drawn
E cleanser
I eleceng
E disclaim
I emergency
H dream
H cuisine
E correspondingly
I annoying
H completely
E also
I circumstance
H dbc
H darby
H eating
E evolved
I comment
H corporate
H cumulative
H consolidated
E enlarged
I dataman
E elavil
I barely
H drowning
H clarke
H directly
H curiousities
H context
E appear
I considering
H efficient
E common
I changes
H ergoplic
E creative
I carefully
H converts
H csl
H consumes
H counting
H david
H crazy
E deliberation
I diagnosed
H discomfort
H computers
E exam
I cm
H deficiencies
H ears
H document
H crash
H dilatation
H cycle
H enterprise
H establishment
E american
I cruz
H correctly
H entirely
E assertion
I chewing
H cso
H drawn
E cc
I absence
E action
I ergonomics
H clots
H eagle
H digestive
E creegan
I concept
H covingc
E arms
I content
H disc
E developing
I dip
H communitites
E alleviate
I eater
H direction
H contributing
E curiosities
I blocker
H curiosity
H completly
H datahand
H complete
H dsz
E configurable
I colorado
E accounting
I bellcore
E entail
I argue
E conceptions
I bachache
H demanded
H combination
H directory
E doyle
I enyzme
E bshelley
I constitutional
E creme
I creegan
E clear
I canton
E equipment
I adult
E aren
I aches
H colds
E disagree
I caring
E cooper
I dying
E anything
I drs
H easy
E beacon
I airliner
E draw
I bath
H complicated
E die
I aways
E against
I cow
H effectively
E already
I companies
E affected
I cunixa
H claire
H cm
H disruptive
E depth
I adaptable
E beginning
I biased
E black
I barkdoll
E compensation
I drastic
H debts
E donors
I assumption
E biologically
I devices
E custody
I demonstrated
E collection
I distributor
H constantly
H endemic
E anatomical
I athena
E entry
I deeply
H complete
E almaden
I c
H establish
H crdnns
E act
I biology
H cultures
H dehydrated
E depressant
I doyle
H cohen
E entering
I el
H educated
H create
E entails
I as
H colloquiums
H custer
E color
I compromised
E enable
I emptying
E chances
I essential
H collections
H counselor
H documents
E disturbance
I depend
H community
H companies
H covering
H communitites
H desiderata
H comprehensive
E before
I bathwater
E designed
I dehydration
H deciding
E division
I bend
H ert
E career
I bladder
E advanced
I especially
H cultural
E details
I continue
H enterprises
E address
I anesthesiology
H directing
E branch
I acid
H everett
H encounter
H element
E charge
I endless
H distant
H dn
H cortico
H damages
E dna
I diabetic
H cmptrc
H crank
H d
H coccidiomycosis
H commentary
E compounds
I continuously
H commulative
E contain
I avoiding
H disability
H creek
H constantly
E brigham
I elavil
E definitions
I acquaintance
H conditiion
H dec
E chase
I dna
H dust
E diuretics
I defect
H deaf
H dystrophy
H drs
E contracted
I aka
E attached
I drand
E doing
I doh
H ergonomic
H ergonomic
H colby
E availability
I anymore
H else
E brachial
I capitol
E allen
I eg
H doses
E dear
I cheap
H evidence
E basis
I cstg
H controled
E daniele
I alex
E crap
I affecting
H decided
H civil
E descending
I compiling
H clone
H especially
H erie
E dr
I basic
E bringing
I above
H dosing
H configuring
E dilated
I cocky
E disaster
I enhance
E determine
I beef
H demolished
H disks
H exactly
E distinction
I cmu
E aunt
I dear
E eaten
I enantiomers
E clubbing
I edu
H computrac
E cannot
I descending
E customized
I bill
E attorney
I cognitivists
E antibiotics
I easier
E elementary
I dealing
E borreliosis
I donating
E consultation
I bp
E doc
I effective
H compartment
H endoscopy
H dried
H easier
H covering
E antibiotic
I courter
H encounter
H discomforts
H completly
H detect
H conditions
E despite
I allergic
E closer
I alike
E cipr
I critical
H construction
H continue
H cut
H david
E confound
I desirable
E dnif
I creme
E conduction
I citib
H everything
H diagnosed
E delayed
I definite
E city
I environment
H cortico
H contagious
E corn
I daugter
E bedtime
I bht
H erb
H cmptrc
H depends
H end
H eater
H eater
H comparison
H establishing
H cranial
E dale
I bluefin
E bilateral
I considerations
E blue
I collection
E down
I common
H emptying
H easy
E equally
I disciplines
H com
E copies
I agate
H crystal
H disavow
H depressants
H derek
E adhesive
I advance
E consists
I decision
H drive
E competitive
I emgs
H except
E crohn
I definitions
E classify
I bills
H erythema
E disciplinary
I disabling
H cousins
E dalacin
I cereal
H converted
H eg
H crash
H comfortable
E childhood
I anemia
E discussing
I away
H else
H consisting
E curious
I die
H copy
H dual
H cleared
E enphasis
I accomplishment
H dialog
H ecsvax
E audioport
I bodies
H defect
H donating
H depend
E developer
I alphabet
H dragged
H digestive
E eugenics
I blinking
H count
E discovery
I buying
E dhe
I essentially
H cumulative
E daydream
I bbbbb
H dip
H complication
E caroline
I carrying
H completely
H ex
H electromagnetic
H erie
H digestive
H early
H enough
E credibly
I caltech
E alt
I bih
H coyote
E ate
I comm
H drastic
H csd
E bigot
I compliance
E definition
I concise
H consumes
H dizziness
H conditions
E belmont
I deserving
H exception
E cancers
I evaluation
E cows
I confusion
H divorce
H determines
H evoked
H enterprise
H darvocet
H dilatation
H efw
H easily
H e
E culmination
I bowl
H desease
H confident
H custom
E assistant
I blackheads
E braille
I crab
H compartment
E amount
I burden
H darvocet
H electric
H compiling
E cells
I clue
H dead
E blank
I effort
H examination
H did
H decongestants
H donation
H delete
H ent
H cohen
E errors
I ceredase
E cheaper
I equally
H clothing
H earlier
E eric
I enhancer
H deborah
H eagle
E aloe
I corneal
H curiousities
E dick
I difficulty
E dramatically
I digital
E concentrate
I analgesics
H conviction
H conceivably
E berendo
I denver
H delphi
H cryptosporidium
H ctt
E cream
I entails
H ex
E enjoy
I classification
E cord
I brush
E dgp
I creative
E borough
I dozen
E alu
I cure
H epa
H cut
H doh
E claims
I custody
H deadline
H examples
H detail
H deficiencies
H examples
E daniel
I cook
E children
I afterall
E credit
I emstation
E colors
I deliberation
E contraceptive
I dept
H cure
H condition
E cash
I chastity
E bottle
I dragon
E acsa
I anesthesia
E continuous
I discoveries
H diffuse
H comparison
H confess
E coherent
I details
H converted
H cohen
E bed
I bathtub
H essential
H directly
H coe
H diabetes
H driver
H counter
E controlled
I consequence
H disappeared
H coated
H durham
H dist
E believer
I dabbott
E chiropractor
I adjusts
E development
I distinction
H crime
E demon
I atkins
H documents
H directed
E donovan
I clear
E drinks
I bbc
H drawers
E beth
I ancient
H denervation
H diabetic
H conjure
H conditiion
H dvorak
E baboon
I directions
E back
I entering
E chiropractors
I ct
E documented
I compounds
H em
E calendar
I attempt
E conventional
I account
E blindness
I cbnewsj
H conceivably
E degrees
I biting
H ergoplic
H crd
H ethanol
H craig
E contents
I attitude
E endometriosis
I aws
H compatibles
E charles
I described
E degree
I adjustable
E computer
I despite
E darwin
I carey
E conscious
I climate
E event
I energy
E degeneration
I agreement
E elizan
I constant
H endoscopy
H everything
H dimethyl
E applications
I drink
H cycles
H covers
H contrib
E connecting
I crucial
H document
E adams
I andrea
E dispute
I childbirth
E adequate
I enphasis
H erythema
H effectively
H dragging
H converter
E dedham
I estd
H environment
H emgs
E column
I dilute
E concert
I definition
H emphysema
H clearasil
E butyl
I enjoy
E entity
I abnormally
H discomforts
E deviated
I disorder
H elusive
E dorland
I contributors
H community
H creegan
E carroll
I conventional
H duca
E ee
I cliff
H cleared
H edwards
E anonymous
I eventually
E came
I dale
E day
I cheetham
H comprehensive
E de
I clinical
E div
I contrary
H compiler
H distribution
E ditto
I conduct
H endure
H darby
E dpo
I dorland
E backlog
I catheterization
H ent
E elbows
I ending
E articulate
I cnsvax
H departments
H controlling
E debbie
I brief
H diahrea
E cost
I blindsight
E estimated
I connecticut
H ekg
E eau
I card
E avoid
I blurb
H entirely
E archimedes
I compressed
H donor
E critically
I addressed
E almost
I evangelists
H deborah
H cruzio
E containing
I eau
E component
I errors
H educated
E bruncati
I aphrodisiac
H desiderata
H convert
H constituent
H consolidated
H dyer
E amitriptyline
I dieting
E been
I arrive
H edu
H digex
E docs
I addition
H dozen
H dragon
E environmental
I ames
E aggressively
I allowing
H conviction
E deltuvia
I along
E coping
I depth
H durk
E current
I bid
H dozen
H communication
E episode
I doubly
H encounter
H concern
H creme
E dry
I disciplined
H ct
H conviction
H died
H clinton
H creative
H eats
E apollo
I devastating
E could
I dpo
H daily
E adverse
I dispute
E archive
I chelated
H disavow
E chinese
I dgbt
E commercially
I enter
E donald
I delusional
E bwb
I dfield
H confess
H correctly
E compared
I desktop
H discoveries
E clients
I at
H couple
E attacked
I cent
H colorado
H documention
H enyzme
E body
I distorts
H corneal
H cures
H domestic
E dakota
I baring
E edward
I carleton
E buttons
I carina
E dragonwriter
I blocking
H deliberation
H discoveries
H combine
H educational
E dropped
I development
H eg
E diseases
I equivalent
H dept
H confess
H em
H convinced
E antero
I agencies
H deep
E daydreams
I epidemics
H epidemic
H critics
E called
I entity
E autopsy
I biggest
H days
H disks
E ass
I choices
H daily
E cymbal
I conceptions
H et
H everybody
E contradicted
I cost
H exceed
H electromagnetic
H claire
H collection
H ever
H dishes
H company
H count
H eulenberg
H emptying
H diagnosed
H derived
E dwallach
I discussion
E allowed
I emg
H conclusion
H demyelination
H couldn
H enhance
H clinical
H diet
H described
H custer
E columbia
I bear
H deciding
H cow
H dbc
H durk
E communications
I cafergot
H engineers
E america
I denise
H connecticut
E esses
I burrowed
E encouraged
I examined
H describe
E dsl
I bite
H edit
H compare
E appearance
I dramatic
H energy
H dealing
E compuserve
I embarrassed
E difficulties
I deductive
H compatibles
E door
I bus
H evidence
E codine
I attachable
H clear
H deadline
E configure
I diego
H consideration
E bb
I anello
E chemical
I cream
H college
H cstg
E average
I color
H com
E degeneratig
I bedford
H distal
E accept
I classify
H concise
H despite
H elavil
E example
I borne
E defects
I components
E emotionally
I consists
E colitis
I entry
H cranial
H eating
H dip
E allows
I carry
E blanched
I desc
H curing
H enterprise
H dearly
E concede
I compatible
E county
I cnavarro
H companies
E bekins
I encyclope
H desperate
E controversies
I dick
E cope
I depression
H evangelist
H continues
H days
H disruptive
E afternoon
I could
H criticism
E but
I bacterial
E accurate
I acceptance
H disciplined
H emg
H colostrum
E discoverer
I arrhythmias
H eg
H da
E cluster
I absorbed
E dan
I auth
H erythromycin
H drawn
E controls
I darwin
H decongestants
E continued
I column
E boulevard
I attend
H donor
E done
I compensation
H eeg
E boston
I ca
H cosmetic
H concise
E dictionary
I asking
E cola
I elbows
H ct
H cool
H envelope
E cocaine
I draw
H detectors
H contacting
E administered
I disclaimer
E device
I daydreams
H consider
E exact
I eugenics
H controversial
E assistants
I confound
H drawers
E crew
I dry
H cow
E articulated
I dilated
H elavil
H disappearing
E crose
I bertrand
H delusional
E ceasetown
I entire
E diverse
I carnegie
H connector
H currently
E clark
I dedham
E entities
I england
E drug
I country
H daughter
H drives
H consisting
H da
H discover
H dmp
E ago
I completion
E adobe
I cope
E ergotamine
I entail
H dilute
E examining
I excellent
E counterparts
I canada
H counter
H cryptosporidium
E develop
I discovering
E escape
I dreams
H disavow
E brittle
I columbia
E ear
I developing
H cousins
H dna
H come
H domain
E consumption
I chemotherapy
E corp
I cal
E casbah
I bob
H compromised
E distinguish
I dynamic
E crhc
I device
H ct
H concerned
E costs
I daniel
E coincidence
I credibly
H donating
H everything
H divine
H ecs
H counter
E consumers
I bread
E cant
I differential
H com
E animals
I controversies
H cradle
H distributed
E anaphylactic
I bishop
H drand
H classification
H demyelination
H enantiomers
H dist
E aneurysm
I enoughf
E ethics
I ccb
H evaporated
E bridgeport
I dictionary
E curative
I daydream
H counter
H consequence
H daniel
H dinner
H delete
E cilia
I beeps
E calpoly
I dryness
E alter
I carson
H contamination
E diplomacy
I dwallach
H dried
H daily
E convince
I clinic
H combinations
H dec
H empirically
E ciqinn
I algorithms
H depends
E baff
I brunt
E distilled
I dougb
E dfrf
I costs
H definite
E commit
I electrophoresis
E centrifuge
I chiggers
H dear
H considine
H directing
E ciliary
I alexander
H describing
H didn
E antichiropractic
I bright
H curing
E calne
I disciplinary
E capable
I culmination
H even
E donate
I develop
E dc
I attending
H competing
H edt
H eliminating
E coast
I cause
H distressing
E chigger
I donors
H either
H dorland
E cornell
I answers
H epa
E denninger
I bacitracin
H compressed
H csd
H completely
E appraisal
I acts
H dopa
H converted
E escalate
I delaney
E brain
I degrees
E capacity
I arguments
E advocates
I doc
H dave
H compiled
E double
I colors
E concentrated
I enable
H emgs
E correct
I deltuvia
H debts
E bluegreen
I big
E disrupt
I div
H contributor
H efw
H defended
H electrophoresis
E countries
I demon
H disfiguring
E cyclics
I contains
E electronics
I about
E distinguished
I dsl
E carries
I cardiopulmonary
E allow
I does
H deep
H euclid
H concerns
H cost
H ending
H differential
H credibly
E edition
I crew
H disclaimer
H drand
H cutting
E conversations
I deprivation
H controled
H copyright
E cold
I debbie
H counting
E automatically
I developer
E billary
I austin
H douglas
H colors
E diverge
I contemplating
E conflicting
I derivation
H dale
H establish
H durham
E deviation
I call
E elaborate
I county
H cliff
H div
E cis
I crap
H ending
H drawn
H doug
H civil
E diuretic
I brother
E blind
I block
H eau
E aquaduct
I entities
E elsewhere
I distinguish
E desire
I discoverer
H essentially
E acton
I considerable
H cures
H everybody
E decrease
I countries
H daniel
H enhancer
E adenomas
I assumed
E bmerh
I conducting
E bunches
I encourage
E dragondictate
I covered
E cambridge
I diagnosis
E assessing
I component
E conclude
I compared
E chin
I afflicted
H effects
H counselling
E chemist
I district
E chronically
I anti
H convert
E displays
I bored
E corporation
I bulletin
H ctd
H disability
H co
H enoughf
E dirt
I bypass
H coyote
H erroneous
E barker
I commit
E donnell
I confirmation
E compatibility
I de
H dealing
H entities
E bloodcount
I diuretics
H conducting
E conclusive
I copies
H defended
E contracts
I degree
H connector
H enacted
E dammit
I dgp
E derangement
I correspondingly
E add
I crohn
E appreciate
I elaborate
E code
I barrett
E ed
I cord
H edt
H ct
E disclaimers
I arthritis
E examine
I brings
E encyclopedia
I event
E direct
I drop
H cmptrc
H dianne
H continue
H ears
H doh
E december
I coherent
H erythema
E codeine
I dnif
H electrolytes
E dissemination
I bye
E cured
I curved
E compensated
I dramatically
H crdnns
H dosing
H cnavarro
E binah
I elizan
E dod
I diverge
E alan
I dig
E discernable
I ch
E do
I altered
E damned
I code
H decisions
H duties
E abbott
I ether
E arrow
I caffiene
H conference
H clinic
E connection
I dilation
H dollars
E become
I bony
E association
I drug
E debra
I configurable
H diet
E emphasized
I aberdeen
E brent
I edition
E duration
I awful
H establish
H ella
H events
H cuisine
H context
E aspects
I breathing
H dandruff
E don
I ematias
E din
I connecting
E egg
I book
H encountered
E correlation
I eric
H compensation
H daughter
H convex
E crs
I denninger
E announced
I amstrad
H clone
H dbc
E comp
I caused
E drops
I conduction
H cost
H correspondingly
H culmination
E abdominal
I edward
E creationists
I aim
H combined
H covers
E carolina
I amherst
H cso
H ether
E everpresent
I dissolve
E during
I displays
E er
I carrier
H creek
E contrast
I comfort
H concept
E doctor
I appearances
H data
H desperate
E adjust
I arizona
E error
I cg
E clean
I albnyvms
E enlighten
I distorted
H custody
E duty
I dos
H considerations
H cnsvax
E culture
I evaluated
H crystal
E deet
I disease
E dilate
I dc
E cs
I european
H difficulty
E concentrating
I during
H dept
E available
I adwright
H dialog
E exceeded
I department
H desirable
E curcio
I bet
E aliens
I donnell
H didn
H critics
E commands
I eng
H ctt
E boswell
I antiquated
H constitutional
E calm
I enlarged
E evening
I course
H effort
H dollars
H disc
H e
E communities
I examine
E doubt
I ethical
H engineer
E computations
I division
E adjusted
I ee
H exacerbate
H demolished
H clots
H controversial
E descent
I concede
E difficult
I discovered
E describes
I eb
H commercial
E choice
I amounts
H comments
E correction
I according
E denial
I clark
E description
I advocacy
H crank
H disc
E divert
I attacking
H dna
H desk
E baths
I conscious
E each
I down
H enzyme
H developing
H epa
H consequence
H disclaimer
H elusive
E comdex
I approach
H dealing
E complaints
I damage
H doc
E anne
I design
H concerning
E commencing
I able
E bothers
I avukto
H design
E crystals
I abates
E backrest
I dose
E coccidiodes
I atlantaga
E detection
I concentrated
E army
I cherbonnier
H dilute
E causes
I demo
E cables
I congenital
H classification
E cbnewsk
I angeles
E difference
I burrow
E comes
I croton
H except
H everybody
E dots
I bother
E cone
I chemistry
E esthetic
I adcs
H enterprise
H ctd
E equal
I diplomacy
E bizarre
I cola
H examine
E diagnostic
I bites
E breathe
I curious
E boot
I badanes
H copyright
E conducted
I bbn
H eng
H embarrassed
H delete
H dinner
E edwin
I council
E dismutase
I acs
E episodic
I diverse
H deaf
H climate
E effect
I contact
H evaporated
E dubin
I ala
H edit
E coming
I bars
E etc
I conversation
H counting
H empirical
E desired
I appropriate
H entry
H cycling
E doesn
I diseases
H encyclope
H drawers
H clarke
H credibly
H driving
E active
I contradict
E adiposity
I conversations
E doctory
I excedrin
E composition
I arthr
E cloths
I difficult
E cystic
I bio
H delaney
H differently
H discover
E due
I documented
E backon
I avenue
H distributor
H diverge
H dvm
H damage
E consume
I additional
E dia
I better
E east
I car
H erythromycin
E committed
I december
H definitions
H cnsvax
H dos
E ald
I comdex
H especially
H diffuse
E amt
I child
E desqview
I centralia
E ai
I dwebb
H cosmetic
E bethlehem
I evolution
H conducting
H copy
H disciplinary
H device
E brockton
I confused
H dragging
E breakfast
I definiens
E doctrinaire
I degeneratig
E cunews
I beat
E certitude
I computations
E debris
I ergotamine
H dfield
E decreased
I anywhere
H dataman
H conduction
H commentary
H common
H disclaimer
H dieting
E coal
I built
E demons
I belief
E buster
I clients
E aio
I descent
E dangerous
I dismutase
H crap
H easier
H colors
H evolution
H detailed
E ccfa
I commercially
H enoughf
E certain
I coast
E control
I addicts
E clamps
I begins
E best
I copper
H evaluated
H divine
E creation
I covington
E creativity
I bucks
E descriptions
I controls
H england
E cup
I correction
H ecs
H degree
H eater
E codes
I escape
E drastically
I bounded
E episodes
I damned
H contains
H cord
E carriers
I corp
H consistancies
E akgua
I crhc
H curved
H correction
H dying
H evangelist
H enough
H concern
H compartment
E bogus
I advocating
H cumulative
H dragging
H cola
H compliance
E andrew
I ed
H coccidiomycosis
H controversies
E ac
I biggy
E cleaning
I acns
H controls
H collections
H diagnosis
H dismutase
E coca
I everpresent
E calf
I desire
H descending
E articles
I day
H developed
H especially
H diplomacy
H dreams
H diseases
H cycles
H contained
H criticism
E estrogen
I choosing
H counselor
H entail
E aspect
I accepting
H combined
E einstein
I dirt
E coninued
I cyanide
H collection
H dick
H coast
H erythromycin
H dfield
E bulletins
I dissemination
H erie
E discounts
I cystic
E education
I episode
H compared
E assuming
I city
E equator
I compensated
H distribution
H electromagnetic
H demo
H evidence
H daugter
H ethical
H critics
H does
H croton
E assistance
I css
H ever
E everyday
I dryden
H disorder
E crux
I biliary
H entity
H evaluation
H colorful
E abnormalities
I depressed
H cohen
E email
I demons
E calamari
I decreased
H ergonomics
H desk
E ballard
I approaches
H dgp
H conditions
H described
E dull
I connection
H distinguish
H dual
H contributing
E dpw
I endometriosis
H defended
H doc
H cm
E ache
I dr
H electrolytes
H conversations
E clearly
I eaten
E deteriorated
I buy
H diverge
H dnif
E court
I clubbing
H discovering
E elizabeth
I disrupt
E chelsea
I commands
H de
H efficient
H david
E bd
I elbow
H conjure
H discovered
H directions
H damage
H configurable
H daydream
H div
H encountered
E brian
I dismal
E burn
I diuretic
H continue
E anybody
I bouncing
H cream
E bucket
I exam
H desease
H depression
H diagnosis
E cockpit
I drops
E considered
I conducted
H dwebb
H enterprises
E eukaryotic
I curiosities
E critters
I contrast
E editorial
I broken
H depth
H eleceng
H covered
H continuously
H dilute
E date
I ccs
H emstation
H copyright
H dollars
H concern
E eat
I arbiters
E cones
I article
H disease
H dynamic
E dangling
I allison
E bass
I eulenbrg
H covers
H die
H equivalent
E defense
I culture
H cm
E clock
I deviated
E contribute
I compatibility
H da
E apparent
I another
H dieting
E dunking
I clamps
E beest
I ask
H context
E diagnose
I cider
H curved
E cultured
I deet
H delaney
H course
H disciplines
E concluded
I conclusive
H cut
H dig
E drinking
I deviation
H emgs
E controvery
I ballistic
H displays
H disorder
H costs
H epidemics
H dear
H culture
H days
H daydreams
E advantage
I accumulated
E distally
I creativity
E ama
I access
E characterized
I be
E channels
I buildup
E dfitts
I cured
H creme
H donation
E alternative
I email
H colds
E condom
I consumers
H electrolytes
H controversial
E different
I attractive
H demonstrated
E benzodiazopines
I desired
E carpal
I dot
E claimed
I compromise
H else
H engineer
E engineering
I drastically
E arrange
I consultation
E cultist
I bibliography
E drain
I doctrinaire
E cheers
I discovery
H colostrum
E emergency
I estrogen
H co
E dream
I bacteria
H ethical
E annoying
I cluster
H edward
E circumstance
I authors
E comment
I ear
H denver
H direction
E corporate
I communications
H ethanol
H crank
E barely
I competitive
E drowning
I example
E considering
I contracted
E changes
I chemres
H daugter
H dgp
E carefully
I crs
E converts
I associated
E csl
I discuss
H ergonomics
H couldn
E crazy
I designed
H dilatation
E discomfort
I contain
H decisions
E computers
I er
H companies
H drop
E cycle
I exact
E establishment
I chevy
H ecsvax
H complicated
H compatible
H durk
E cruz
I began
E chewing
I done
E absence
I cooper
H delusional
H dgp
H contrary
H cleared
H donnell
H distant
E covingc
I corn
E content
I augean
E blocker
I additionally
E curiosity
I beave
E datahand
I error
H colorado
E dsz
I codes
H even
H considerable
H et
H contributor
E bellcore
I bonk
H coyote
H compensated
E argue
I claims
E bachache
I cigarettes
E demanded
I contradicted
H contradict
H colds
E combination
I current
E directory
I claim
E canton
I doctory
H cmu
H disappeared
H edu
H consumers
E adult
I ansaid
E aches
I chairs
H correction
E caring
I curcio
H ergonomics
E airliner
I cycle
E bath
I chronic
E aways
I amiller
H confident
E cunixa
I bt
H determines
H consider
H condition
E adaptable
I bloodmobile
E biased
I capability
E barkdoll
I drowning
E assumption
I adequately
H complication
E devices
I dpw
E endemic
I corporate
H difficult
H edward
H dearly
E athena
I absurdities
H claim
E deeply
I alone
H ematias
H denervation
H didn
E complete
I drugs
H exacerbate
E c
I contents
H dig
H comm
H excellent
H drowning
E biology
I convince
E cultures
I esthetic
H endless
E dehydrated
I diagnostic
E doyle
I daniele
H died
H council
H custer
E el
I caesarean
E create
I baylor
E as
I content
E colloquiums
I banks
E communitites
I crose
H derived
H copper
H contact
H esthetic
H disease
E bathwater
I change
H diet
H doses
E dehydration
I attitudes
E bend
I eukaryotic
E ert
I coping
E bladder
I creation
E cultural
I csl
H enlarged
H deet
E anesthesiology
I difficulties
E acid
I claimed
E everett
I cones
H combined
E element
I environmental
E dn
I duration
H coping
E damages
I aa
H concede
H detectors
H compatible
E d
I acting
E commulative
I bugs
H everpresent
E avoiding
I beta
H ex
H dyer
H evolution
H clients
H draw
H dr
H computations
H distribution
H crd
H eulenbrg
H communications
H dragon
H culmination
H considerations
E constantly
I elementary
H exceed
H december
H clinic
H completly
H couple
E acquaintance
I dakota
H early
E dust
I conflicting
E dystrophy
I duty
E drs
I adolescent
H dried
H converted
H dryness
H combine
H concise
H converter
H croton
H effort
H documention
H cradle
H compromise
E aka
I doubling
H contributors
E ergonomic
I century
H derivation
H ether
E colby
I erik
E anymore
I abuse
H ear
E capitol
I disagree
H dilated
E cheap
I capillaries
E alex
I elizabeth
H die
E affecting
I encyclopedia
H erik
H errors
H crose
H damage
H disease
H diabetic
H distressing
E decided
I do
H congenital
H compounds
H cso
H claimed
E basic
I catch
H debts
E above
I august
E configuring
I counterparts
H covered
H csl
H differently
E cocky
I disorders
E beef
I codine
H dale
H effectively
H cope
E exactly
I covingc
H disabling
H data
E computrac
I condom
E bill
I am
H dos
H distinction
H dry
H ed
H compiler
E cognitivists
I critically
H clearasil
E bp
I direct
H compounds
E effective
I emergency
H cmu
H creative
E covering
I cyclics
H distressing
H complication
H definite
E courter
I controlled
H css
E detect
I colitis
E allergic
I activity
E alike
I caringforwrists
H combinations
E critical
I cedarbaum
E construction
I donna
E citib
I critical
H coated
H drastic
H crd
E cortico
I advice
E contagious
I because
E bht
I bar
E erb
I diagnose
H consumes
E end
I demand
E establishing
I controvery
E bluefin
I bond
H contributors
H dandruff
E easy
I cunixa
H dramatically
E agate
I cows
E depressants
I bbesler
E derek
I each
E advance
I derangement
E decision
I caf
H dwebb
E drive
I divert
E bills
I emphasized
E cereal
I ethics
H dale
E crash
I chiropractic
H directions
E comfortable
I concoctions
H dorland
E anemia
I avoids
H ctt
H directed
E away
I amidst
H columbia
E accomplishment
I cornell
H concept
H divert
H dual
H except
E bodies
I bat
H cluster
H entail
H concise
H discussion
H denise
H compliance
E defect
I comfortable
H coherent
H evaluated
H dept
H da
E depend
I april
H england
H covington
E alphabet
I curative
H disks
E dragged
I cup
H diagnose
E blinking
I contraceptive
H detectors
E buying
I cruz
E bbbbb
I dragondictate
E carrying
I accompanying
H contrib
H cyanide
E digestive
I dhe
E caltech
I clock
H cutting
H earlier
H ethics
E bih
I analogical
E dizziness
I dilate
E deserving
I adulterated
H conceivably
E exception
I batch
E confusion
I disclaim
H cook
E divorce
I doesn
H episode
E evoked
I check
E easily
I bangaldesh
E bowl
I aimed
H documention
H cnsvax
H cola
H dollars
H engineer
H current
H compliance
E custom
I conclusions
E blackheads
I checked
H drawers
H comm
E crab
I bytor
E burden
I discernable
E darvocet
I assured
H concerning
H detailed
H descending
H color
E electric
I equal
H dmp
H enlarged
E compiling
I courter
H dept
H equally
H division
E clue
I equator
H cure
H dragondictate
H clear
H drink
E dead
I courses
H compromised
E examination
I dammit
H deprivation
H concept
E did
I decide
E ceredase
I duke
H disrupt
E clothing
I docs
E eagle
I deeply
H consumes
E curiousities
I answer
E digital
I equipment
H difficult
E analgesics
I announcement
E delphi
I agonies
H compatibles
H ears
E entails
I d
E brush
I blvd
H elizan
H consequence
H creegan
H crank
E detail
I alarm
H enhance
E deficiencies
I cleanser
E examples
I donkin
E afterall
I birds
H empirical
E chastity
I classes
H dougb
H demo
H correctly
H doug
E anesthesia
I around
H consolidated
H down
H draw
E comparison
I boeing
H cooper
E details
I character
H coast
E bathtub
I esses
E essential
I always
E directly
I adults
H dopa
E coe
I bullet
E diabetes
I eryc
H escape
E driver
I dosage
E dabbott
I athens
H consider
H emphysema
H classify
H donkin
E adjusts
I distilled
H derangement
H either
E crime
I discussing
H diabetic
E atkins
I differences
H detectors
H elementary
E documents
I definitely
H enantiomers
E bbc
I dfitts
E ancient
I exceeded
E conditiion
I calls
E dvorak
I clue
H climate
H cousins
E entering
I discounts
E attempt
I closer
E account
I dead
H examined
E cbnewsj
I arithmetic
E biting
I easily
H dilate
E ergoplic
I commencing
H completion
E craig
I codeine
E attitude
I below
H definitely
E aws
I carried
H discover
E adjustable
I deteriorated
E carey
I comment
H elavil
E agreement
I baby
E constant
I construction
E endoscopy
I coca
H eater
H college
E dimethyl
I cockpit
H elizan
H continuously
H ematias
H de
E crucial
I careful
E document
I dalacin
H deviated
E andrea
I computers
E childbirth
I bleeding
E enphasis
I cica
E estd
I deb
H d
H develop
H considerable
E environment
I concepts
E definition
I churchill
E enjoy
I driver
E abnormally
I deserving
H daniele
E discomforts
I dust
E community
I bronchiectasis
E conventional
I coincidence
H commencing
E duca
I dabbott
E edwards
I ditto
E eventually
I doctors
E cheetham
I cultured
E comprehensive
I abdomen
H departments
